<?xml version="1.0" encoding="UTF-8"?>
<!-- Generated by org.testng.reporters.JUnitReportReporter -->
<testsuite hostname="Abbas" failures="0" tests="1" name="com.banking_app.testCases.LoginTestCase1" time="4.540" errors="0" timestamp="2022-10-20T00:48:20 GMT-05:00" skipped="0">
  <testcase classname="com.banking_app.testCases.LoginTestCase1" name="loginTest" time="4.540"/>
  <system-out/>
</testsuite> <!-- com.banking_app.testCases.LoginTestCase1 -->
